<?xml version="1.0" encoding="UTF-8"?>
<robot generator="Robot 7.2 (Python 3.9.21 on linux)" generated="2025-02-02T03:56:47.724617" rpa="false" schemaversion="5">
<suite id="s1" name="Click Guatemala" source="/code/rbt/click_guatemala.robot">
<test id="s1-t1" name="Login y busqueda de producto" line="14">
<kw name="Create Directory" owner="OperatingSystem">
<msg time="2025-02-02T03:56:47.857713" level="INFO" html="true">Directory '&lt;a href="file:///code/rbt/resultados"&gt;/code/rbt/resultados&lt;/a&gt;' already exists.</msg>
<arg>${OUTPUT_DIR}</arg>
<doc>Creates the specified directory.</doc>
<status status="PASS" start="2025-02-02T03:56:47.856187" elapsed="0.001652"/>
</kw>
<kw name="New Browser" owner="Browser">
<msg time="2025-02-02T03:56:47.860494" level="INFO">{"browser": "chromium", "headless": true, "args": ["--auto-open-devtools-for-tabs"], "chromiumSandbox": false, "devtools": false, "handleSIGHUP": true, "handleSIGINT": true, "handleSIGTERM": true, "slowMo": 0.0, "timeout": 30000.0, "tracesDir": "resultados/browser/traces/temp/6b5ac757-4ef9-4d12-afc3-9a23ca8fd429"}</msg>
<msg time="2025-02-02T03:56:47.869081" level="INFO">Starting Browser process /usr/local/lib/python3.9/site-packages/Browser/wrapper/index.js using port 56781</msg>
<msg time="2025-02-02T03:56:47.869287" level="INFO">Node startup parameters: ['node', '/usr/local/lib/python3.9/site-packages/Browser/wrapper/index.js', '56781']</msg>
<msg time="2025-02-02T03:56:48.275713" level="INFO">Successfully created browser with options: {"browser":"chromium","headless":true,"args":["--auto-open-devtools-for-tabs"],"chromiumSandbox":false,"devtools":false,"handleSIGHUP":true,"handleSIGINT":true,"handleSIGTERM":true,"slowMo":0,"timeout":30000,"tracesDir":"resultados/browser/traces/temp/6b5ac757-4ef9-4d12-afc3-9a23ca8fd429"}</msg>
<arg>chromium</arg>
<arg>args=["--auto-open-devtools-for-tabs"]</arg>
<tag>BrowserControl</tag>
<tag>Setter</tag>
<doc>Create a new playwright Browser with specified options.</doc>
<status status="PASS" start="2025-02-02T03:56:47.858208" elapsed="0.417767"/>
</kw>
<kw name="New Context" owner="Browser">
<msg time="2025-02-02T03:56:48.281574" level="INFO">{
  "acceptDownloads": true,
  "bypassCSP": false,
  "forcedColors": "none",
  "ignoreHTTPSErrors": false,
  "javaScriptEnabled": true,
  "offline": false,
  "recordVideo": {
    "dir": "/code/rbt/resultados/browser/video/videos",
    "size": {
      "width": 1280,
      "height": 720
    }
  },
  "reducedMotion": "no-preference",
  "serviceWorkers": "allow",
  "viewport": {
    "width": 1280,
    "height": 720
  }
}</msg>
<msg time="2025-02-02T03:56:48.294220" level="INFO">Successfully created context. </msg>
<msg time="2025-02-02T03:56:48.294375" level="INFO">{'acceptDownloads': True, 'bypassCSP': False, 'forcedColors': 'none', 'ignoreHTTPSErrors': False, 'javaScriptEnabled': True, 'offline': False, 'recordVideo': {'dir': '/code/rbt/resultados/browser/video/videos', 'size': {'width': 1280, 'height': 720}}, 'reducedMotion': 'no-preference', 'serviceWorkers': 'allow', 'viewport': {'width': 1280, 'height': 720}}</msg>
<arg>recordVideo={'dir': './videos', 'size': {'width': 1280, 'height': 720}}</arg>
<tag>BrowserControl</tag>
<tag>Setter</tag>
<doc>Create a new BrowserContext with specified options.</doc>
<status status="PASS" start="2025-02-02T03:56:48.276411" elapsed="0.018096"/>
</kw>
<kw name="New Page" owner="Browser">
<msg time="2025-02-02T03:56:50.121139" level="INFO">Successfully initialized new page object and opened url: https://click.gt/account/login</msg>
<msg time="2025-02-02T03:56:50.122232" level="INFO" html="true">&lt;/td&gt;&lt;/tr&gt;&lt;tr&gt;&lt;td colspan="3"&gt;&lt;video width="1280" height="720" controls&gt;&lt;source src="browser/video/videos/183de73117ced3bdc0d946614d40b947.webm" type="video/webm"&gt;&lt;/video&gt;</msg>
<arg>${URL}</arg>
<tag>BrowserControl</tag>
<tag>Setter</tag>
<doc>Open a new Page.</doc>
<status status="PASS" start="2025-02-02T03:56:48.294997" elapsed="1.827522"/>
</kw>
<kw name="Wait For Elements State" owner="Browser">
<msg time="2025-02-02T03:56:50.166469" level="INFO">Waited for Element with selector id=CustomerEmail at state visible</msg>
<arg>id=CustomerEmail</arg>
<arg>visible</arg>
<arg>timeout=${TIMEOUT}</arg>
<tag>PageContent</tag>
<tag>Wait</tag>
<doc>Waits for the element found by ``selector`` to satisfy state option.</doc>
<status status="PASS" start="2025-02-02T03:56:50.123097" elapsed="0.043674"/>
</kw>
<kw name="Fill Text" owner="Browser">
<msg time="2025-02-02T03:56:50.169884" level="INFO">Fills the text '' in the given field.</msg>
<arg>id=CustomerEmail</arg>
<arg>${USER}</arg>
<tag>PageContent</tag>
<tag>Setter</tag>
<doc>Clears and fills the given ``txt`` into the text field found by ``selector``.</doc>
<status status="PASS" start="2025-02-02T03:56:50.167352" elapsed="0.044978"/>
</kw>
<kw name="Fill Text" owner="Browser">
<msg time="2025-02-02T03:56:50.214618" level="INFO">Fills the text 'RopTop710@' in the given field.</msg>
<arg>id=CustomerPassword</arg>
<arg>${PASSWORD}</arg>
<tag>PageContent</tag>
<tag>Setter</tag>
<doc>Clears and fills the given ``txt`` into the text field found by ``selector``.</doc>
<status status="PASS" start="2025-02-02T03:56:50.212794" elapsed="0.028246"/>
</kw>
<kw name="Click" owner="Browser">
<msg time="2025-02-02T03:56:50.243979" level="INFO">Clicks the element 'xpath=//span[text()='Iniciar sesión' and not(contains(@class, 'visually-hidden'))]'.</msg>
<arg>xpath=//span[text()='Iniciar sesión' and not(contains(@class, 'visually-hidden'))]</arg>
<tag>PageContent</tag>
<tag>Setter</tag>
<doc>Simulates mouse click on the element found by ``selector``.</doc>
<status status="PASS" start="2025-02-02T03:56:50.241786" elapsed="0.105075"/>
</kw>
<kw name="Log" owner="BuiltIn">
<msg time="2025-02-02T03:56:50.348699" level="INFO">Ingreso de datos completado y botón de iniciar sesión clicado</msg>
<arg>Ingreso de datos completado y botón de iniciar sesión clicado</arg>
<doc>Logs the given message with the given level.</doc>
<status status="PASS" start="2025-02-02T03:56:50.347326" elapsed="0.001541"/>
</kw>
<kw name="Wait For Elements State" owner="Browser">
<msg time="2025-02-02T03:56:50.363423" level="INFO">Waited for Element with selector //div[@class='preloader'] at state hidden</msg>
<arg>${LOADER}</arg>
<arg>hidden</arg>
<arg>timeout=${TIMEOUT}</arg>
<tag>PageContent</tag>
<tag>Wait</tag>
<doc>Waits for the element found by ``selector`` to satisfy state option.</doc>
<status status="PASS" start="2025-02-02T03:56:50.349648" elapsed="0.014064"/>
</kw>
<kw name="Log" owner="BuiltIn">
<msg time="2025-02-02T03:56:50.366166" level="INFO">Login exitoso, navegando al enlace objetivo</msg>
<arg>Login exitoso, navegando al enlace objetivo</arg>
<doc>Logs the given message with the given level.</doc>
<status status="PASS" start="2025-02-02T03:56:50.364280" elapsed="0.002100"/>
</kw>
<kw name="Close Browser" owner="Browser" type="TEARDOWN">
<msg time="2025-02-02T03:56:50.475258" level="INFO">Closed browser</msg>
<tag>BrowserControl</tag>
<tag>Setter</tag>
<doc>Closes the current browser.</doc>
<status status="PASS" start="2025-02-02T03:56:50.367266" elapsed="0.108208"/>
</kw>
<status status="PASS" start="2025-02-02T03:56:47.854239" elapsed="2.621505"/>
</test>
<status status="PASS" start="2025-02-02T03:56:47.726195" elapsed="2.757885"/>
</suite>
<statistics>
<total>
<stat pass="1" fail="0" skip="0">All Tests</stat>
</total>
<tag>
</tag>
<suite>
<stat name="Click Guatemala" id="s1" pass="1" fail="0" skip="0">Click Guatemala</stat>
</suite>
</statistics>
<errors>
</errors>
</robot>
